# JRE version: OpenJDK Runtime Environment (22.0.1+8) (build 22.0.1+8-16)
# Java VM: OpenJDK 64-Bit Server VM (22.0.1+8-16, mixed mode, emulated-client, sharing, tiered, compressed oops, compressed class ptrs, g1 gc, windows-amd64)
GC Precious Log:
 CardTable entry size: 512
 Card Set container configuration: InlinePtr #cards 5 size 8 Array Of Cards #cards 12 size 40 Howl #buckets 4 coarsen threshold 1843 Howl Bitmap #cards 512 size 80 coarsen threshold 460 Card regions per heap region 1 cards per card region 2048
 CPUs: 12 total, 12 available
 Memory: 7549M
 Large Page Support: Disabled
 NUMA Support: Disabled
 Compressed Oops: Enabled (32-bit)
 Heap Region Size: 1M
 Heap Min Capacity: 8M
 Heap Initial Capacity: 118M
 Heap Max Capacity: 1888M
 Pre-touch: Disabled
 Parallel Workers: 10
 Concurrent Workers: 3
 Concurrent Refinement Workers: 10
 Periodic GC: Disabled
Heap:
 garbage-first heap   total reserved 1933312K, committed 46080K, used 18294K [0x000000008a000000, 0x0000000100000000)
  region size 1024K, 4 young (4096K), 2 survivors (2048K)
 Metaspace       used 31133K, committed 31808K, reserved 1114112K
  class space    used 4366K, committed 4672K, reserved 1048576K
GC Heap History (15 events):
Event: 0.933 GC heap before
{Heap before GC invocations=0 (full 0):
 garbage-first heap   total reserved 1933312K, committed 120832K, used 24576K [0x000000008a000000, 0x0000000100000000)
  region size 1024K, 24 young (24576K), 0 survivors (0K)
 Metaspace       used 8156K, committed 8448K, reserved 1114112K
  class space    used 1039K, committed 1152K, reserved 1048576K
}
Event: 0.944 GC heap after
{Heap after GC invocations=1 (full 0):
 garbage-first heap   total reserved 1933312K, committed 120832K, used 5360K [0x000000008a000000, 0x0000000100000000)
  region size 1024K, 3 young (3072K), 3 survivors (3072K)
 Metaspace       used 8156K, committed 8448K, reserved 1114112K
  class space    used 1039K, committed 1152K, reserved 1048576K
}
Event: 1.623 GC heap before
{Heap before GC invocations=1 (full 0):
 garbage-first heap   total reserved 1933312K, committed 120832K, used 35056K [0x000000008a000000, 0x0000000100000000)
  region size 1024K, 33 young (33792K), 3 survivors (3072K)
 Metaspace       used 14959K, committed 15424K, reserved 1114112K
  class space    used 2049K, committed 2240K, reserved 1048576K
}
Event: 1.627 GC heap after
{Heap after GC invocations=2 (full 0):
 garbage-first heap   total reserved 1933312K, committed 120832K, used 8189K [0x000000008a000000, 0x0000000100000000)
  region size 1024K, 3 young (3072K), 3 survivors (3072K)
 Metaspace       used 14959K, committed 15424K, reserved 1114112K
  class space    used 2049K, committed 2240K, reserved 1048576K
}
Event: 1.896 GC heap before
{Heap before GC invocations=2 (full 0):
 garbage-first heap   total reserved 1933312K, committed 120832K, used 36861K [0x000000008a000000, 0x0000000100000000)
  region size 1024K, 32 young (32768K), 3 survivors (3072K)
 Metaspace       used 21037K, committed 21504K, reserved 1114112K
  class space    used 2874K, committed 3072K, reserved 1048576K
}
Event: 1.901 GC heap after
{Heap after GC invocations=3 (full 0):
 garbage-first heap   total reserved 1933312K, committed 120832K, used 10488K [0x000000008a000000, 0x0000000100000000)
  region size 1024K, 5 young (5120K), 5 survivors (5120K)
 Metaspace       used 21037K, committed 21504K, reserved 1114112K
  class space    used 2874K, committed 3072K, reserved 1048576K
}
Event: 2.169 GC heap before
{Heap before GC invocations=4 (full 0):
 garbage-first heap   total reserved 1933312K, committed 37888K, used 27896K [0x000000008a000000, 0x0000000100000000)
  region size 1024K, 22 young (22528K), 5 survivors (5120K)
 Metaspace       used 22294K, committed 22784K, reserved 1114112K
  class space    used 3078K, committed 3264K, reserved 1048576K
}
Event: 2.173 GC heap after
{Heap after GC invocations=5 (full 0):
 garbage-first heap   total reserved 1933312K, committed 37888K, used 11668K [0x000000008a000000, 0x0000000100000000)
  region size 1024K, 2 young (2048K), 2 survivors (2048K)
 Metaspace       used 22294K, committed 22784K, reserved 1114112K
  class space    used 3078K, committed 3264K, reserved 1048576K
}
Event: 2.484 GC heap before
{Heap before GC invocations=5 (full 0):
 garbage-first heap   total reserved 1933312K, committed 37888K, used 29076K [0x000000008a000000, 0x0000000100000000)
  region size 1024K, 20 young (20480K), 2 survivors (2048K)
 Metaspace       used 25558K, committed 26176K, reserved 1114112K
  class space    used 3586K, committed 3840K, reserved 1048576K
}
Event: 2.487 GC heap after
{Heap after GC invocations=6 (full 0):
 garbage-first heap   total reserved 1933312K, committed 37888K, used 13801K [0x000000008a000000, 0x0000000100000000)
  region size 1024K, 3 young (3072K), 3 survivors (3072K)
 Metaspace       used 25558K, committed 26176K, reserved 1114112K
  class space    used 3586K, committed 3840K, reserved 1048576K
}
Event: 2.777 GC heap before
{Heap before GC invocations=6 (full 0):
 garbage-first heap   total reserved 1933312K, committed 37888K, used 30185K [0x000000008a000000, 0x0000000100000000)
  region size 1024K, 20 young (20480K), 3 survivors (3072K)
 Metaspace       used 28478K, committed 29056K, reserved 1114112K
  class space    used 3970K, committed 4224K, reserved 1048576K
}
Event: 2.781 GC heap after
{Heap after GC invocations=7 (full 0):
 garbage-first heap   total reserved 1933312K, committed 37888K, used 15903K [0x000000008a000000, 0x0000000100000000)
  region size 1024K, 3 young (3072K), 3 survivors (3072K)
 Metaspace       used 28478K, committed 29056K, reserved 1114112K
  class space    used 3970K, committed 4224K, reserved 1048576K
}
Event: 9.672 GC heap before
{Heap before GC invocations=7 (full 0):
 garbage-first heap   total reserved 1933312K, committed 37888K, used 30239K [0x000000008a000000, 0x0000000100000000)
  region size 1024K, 17 young (17408K), 3 survivors (3072K)
 Metaspace       used 31022K, committed 31744K, reserved 1114112K
  class space    used 4344K, committed 4672K, reserved 1048576K
}
Event: 9.676 GC heap after
{Heap after GC invocations=8 (full 0):
 garbage-first heap   total reserved 1933312K, committed 46080K, used 17270K [0x000000008a000000, 0x0000000100000000)
  region size 1024K, 2 young (2048K), 2 survivors (2048K)
 Metaspace       used 31022K, committed 31744K, reserved 1114112K
  class space    used 4344K, committed 4672K, reserved 1048576K
}
Event: 15.655 GC heap before
{Heap before GC invocations=8 (full 0):
 garbage-first heap   total reserved 1933312K, committed 46080K, used 18294K [0x000000008a000000, 0x0000000100000000)
  region size 1024K, 4 young (4096K), 2 survivors (2048K)
 Metaspace       used 31133K, committed 31808K, reserved 1114112K
  class space    used 4366K, committed 4672K, reserved 1048576K
}

